# JRE version: Java(TM) SE Runtime Environment (8.0_111-b14) (build 1.8.0_111-b14)
# Java VM: Java HotSpot(TM) 64-Bit Server VM (25.111-b14 mixed mode windows-amd64 compressed oops)
Heap:
 PSYoungGen      total 1640960K, used 695608K [0x0000000740500000, 0x00000007a8b00000, 0x00000007c0000000)
  eden space 1572864K, 44% used [0x0000000740500000,0x000000076ab3e2a8,0x00000007a0500000)
  from space 68096K, 1% used [0x00000007a4880000,0x00000007a4990000,0x00000007a8b00000)
  to   space 68608K, 0% used [0x00000007a0500000,0x00000007a0500000,0x00000007a4800000)
 ParOldGen       total 262144K, used 89911K [0x0000000640e00000, 0x0000000650e00000, 0x0000000740500000)
  object space 262144K, 34% used [0x0000000640e00000,0x00000006465cded0,0x0000000650e00000)
 Metaspace       used 14468K, capacity 14761K, committed 14976K, reserved 1062912K
  class space    used 1752K, capacity 1837K, committed 1920K, reserved 1048576K
GC Heap History (10 events):
Event: 1.875 GC heap before
{Heap before GC invocations=4 (full 0):
 PSYoungGen      total 212992K, used 212960K [0x0000000740500000, 0x000000075a500000, 0x00000007c0000000)
  eden space 196608K, 100% used [0x0000000740500000,0x000000074c500000,0x000000074c500000)
  from space 16384K, 99% used [0x000000074c500000,0x000000074d4f8030,0x000000074d500000)
  to   space 16384K, 0% used [0x0000000759500000,0x0000000759500000,0x000000075a500000)
 ParOldGen       total 262144K, used 73454K [0x0000000640e00000, 0x0000000650e00000, 0x0000000740500000)
  object space 262144K, 28% used [0x0000000640e00000,0x00000006455bba78,0x0000000650e00000)
 Metaspace       used 14047K, capacity 14391K, committed 14720K, reserved 1062912K
  class space    used 1722K, capacity 1804K, committed 1920K, reserved 1048576K
Event: 1.883 GC heap after
Heap after GC invocations=4 (full 0):
 PSYoungGen      total 409600K, used 16368K [0x0000000740500000, 0x000000075a500000, 0x00000007c0000000)
  eden space 393216K, 0% used [0x0000000740500000,0x0000000740500000,0x0000000758500000)
  from space 16384K, 99% used [0x0000000759500000,0x000000075a4fc030,0x000000075a500000)
  to   space 16384K, 0% used [0x0000000758500000,0x0000000758500000,0x0000000759500000)
 ParOldGen       total 262144K, used 73550K [0x0000000640e00000, 0x0000000650e00000, 0x0000000740500000)
  object space 262144K, 28% used [0x0000000640e00000,0x00000006455d3a88,0x0000000650e00000)
 Metaspace       used 14047K, capacity 14391K, committed 14720K, reserved 1062912K
  class space    used 1722K, capacity 1804K, committed 1920K, reserved 1048576K
}
Event: 2.299 GC heap before
{Heap before GC invocations=5 (full 0):
 PSYoungGen      total 409600K, used 409584K [0x0000000740500000, 0x000000075a500000, 0x00000007c0000000)
  eden space 393216K, 100% used [0x0000000740500000,0x0000000758500000,0x0000000758500000)
  from space 16384K, 99% used [0x0000000759500000,0x000000075a4fc030,0x000000075a500000)
  to   space 16384K, 0% used [0x0000000758500000,0x0000000758500000,0x0000000759500000)
 ParOldGen       total 262144K, used 73550K [0x0000000640e00000, 0x0000000650e00000, 0x0000000740500000)
  object space 262144K, 28% used [0x0000000640e00000,0x00000006455d3a88,0x0000000650e00000)
 Metaspace       used 14059K, capacity 14399K, committed 14720K, reserved 1062912K
  class space    used 1722K, capacity 1804K, committed 1920K, reserved 1048576K
Event: 2.307 GC heap after
Heap after GC invocations=5 (full 0):
 PSYoungGen      total 409600K, used 16368K [0x0000000740500000, 0x0000000779000000, 0x00000007c0000000)
  eden space 393216K, 0% used [0x0000000740500000,0x0000000740500000,0x0000000758500000)
  from space 16384K, 99% used [0x0000000758500000,0x00000007594fc010,0x0000000759500000)
  to   space 71168K, 0% used [0x0000000774a80000,0x0000000774a80000,0x0000000779000000)
 ParOldGen       total 262144K, used 73686K [0x0000000640e00000, 0x0000000650e00000, 0x0000000740500000)
  object space 262144K, 28% used [0x0000000640e00000,0x00000006455f5a88,0x0000000650e00000)
 Metaspace       used 14059K, capacity 14399K, committed 14720K, reserved 1062912K
  class space    used 1722K, capacity 1804K, committed 1920K, reserved 1048576K
}
Event: 2.581 GC heap before
{Heap before GC invocations=6 (full 0):
 PSYoungGen      total 409600K, used 409584K [0x0000000740500000, 0x0000000779000000, 0x00000007c0000000)
  eden space 393216K, 100% used [0x0000000740500000,0x0000000758500000,0x0000000758500000)
  from space 16384K, 99% used [0x0000000758500000,0x00000007594fc010,0x0000000759500000)
  to   space 71168K, 0% used [0x0000000774a80000,0x0000000774a80000,0x0000000779000000)
 ParOldGen       total 262144K, used 73686K [0x0000000640e00000, 0x0000000650e00000, 0x0000000740500000)
  object space 262144K, 28% used [0x0000000640e00000,0x00000006455f5a88,0x0000000650e00000)
 Metaspace       used 14065K, capacity 14403K, committed 14720K, reserved 1062912K
  class space    used 1722K, capacity 1804K, committed 1920K, reserved 1048576K
Event: 2.588 GC heap after
Heap after GC invocations=6 (full 0):
 PSYoungGen      total 852480K, used 16624K [0x0000000740500000, 0x0000000778b00000, 0x00000007c0000000)
  eden space 786432K, 0% used [0x0000000740500000,0x0000000740500000,0x0000000770500000)
  from space 66048K, 25% used [0x0000000774a80000,0x0000000775abc030,0x0000000778b00000)
  to   space 68608K, 0% used [0x0000000770500000,0x0000000770500000,0x0000000774800000)
 ParOldGen       total 262144K, used 73694K [0x0000000640e00000, 0x0000000650e00000, 0x0000000740500000)
  object space 262144K, 28% used [0x0000000640e00000,0x00000006455f7a88,0x0000000650e00000)
 Metaspace       used 14065K, capacity 14403K, committed 14720K, reserved 1062912K
  class space    used 1722K, capacity 1804K, committed 1920K, reserved 1048576K
}
Event: 3.215 GC heap before
{Heap before GC invocations=7 (full 0):
 PSYoungGen      total 852480K, used 803056K [0x0000000740500000, 0x0000000778b00000, 0x00000007c0000000)
  eden space 786432K, 100% used [0x0000000740500000,0x0000000770500000,0x0000000770500000)
  from space 66048K, 25% used [0x0000000774a80000,0x0000000775abc030,0x0000000778b00000)
  to   space 68608K, 0% used [0x0000000770500000,0x0000000770500000,0x0000000774800000)
 ParOldGen       total 262144K, used 73694K [0x0000000640e00000, 0x0000000650e00000, 0x0000000740500000)
  object space 262144K, 28% used [0x0000000640e00000,0x00000006455f7a88,0x0000000650e00000)
 Metaspace       used 14070K, capacity 14403K, committed 14720K, reserved 1062912K
  class space    used 1722K, capacity 1804K, committed 1920K, reserved 1048576K
Event: 3.224 GC heap after
Heap after GC invocations=7 (full 0):
 PSYoungGen      total 855040K, used 960K [0x0000000740500000, 0x00000007a8c00000, 0x00000007c0000000)
  eden space 786432K, 0% used [0x0000000740500000,0x0000000740500000,0x0000000770500000)
  from space 68608K, 1% used [0x0000000770500000,0x00000007705f0000,0x0000000774800000)
  to   space 69120K, 0% used [0x00000007a4880000,0x00000007a4880000,0x00000007a8c00000)
 ParOldGen       total 262144K, used 89691K [0x0000000640e00000, 0x0000000650e00000, 0x0000000740500000)
  object space 262144K, 34% used [0x0000000640e00000,0x0000000646596d40,0x0000000650e00000)
 Metaspace       used 14070K, capacity 14403K, committed 14720K, reserved 1062912K
  class space    used 1722K, capacity 1804K, committed 1920K, reserved 1048576K
}
Event: 3.741 GC heap before
{Heap before GC invocations=8 (full 0):
 PSYoungGen      total 855040K, used 787392K [0x0000000740500000, 0x00000007a8c00000, 0x00000007c0000000)
  eden space 786432K, 100% used [0x0000000740500000,0x0000000770500000,0x0000000770500000)
  from space 68608K, 1% used [0x0000000770500000,0x00000007705f0000,0x0000000774800000)
  to   space 69120K, 0% used [0x00000007a4880000,0x00000007a4880000,0x00000007a8c00000)
 ParOldGen       total 262144K, used 89691K [0x0000000640e00000, 0x0000000650e00000, 0x0000000740500000)
  object space 262144K, 34% used [0x0000000640e00000,0x0000000646596d40,0x0000000650e00000)
 Metaspace       used 14075K, capacity 14403K, committed 14720K, reserved 1062912K
  class space    used 1722K, capacity 1804K, committed 1920K, reserved 1048576K
Event: 3.742 GC heap after
Heap after GC invocations=8 (full 0):
 PSYoungGen      total 1640960K, used 1088K [0x0000000740500000, 0x00000007a8b00000, 0x00000007c0000000)
  eden space 1572864K, 0% used [0x0000000740500000,0x0000000740500000,0x00000007a0500000)
  from space 68096K, 1% used [0x00000007a4880000,0x00000007a4990000,0x00000007a8b00000)
  to   space 68608K, 0% used [0x00000007a0500000,0x00000007a0500000,0x00000007a4800000)
 ParOldGen       total 262144K, used 89911K [0x0000000640e00000, 0x0000000650e00000, 0x0000000740500000)
  object space 262144K, 34% used [0x0000000640e00000,0x00000006465cded0,0x0000000650e00000)
 Metaspace       used 14075K, capacity 14403K, committed 14720K, reserved 1062912K
  class space    used 1722K, capacity 1804K, committed 1920K, reserved 1048576K
}

