# JRE version: Java(TM) SE Runtime Environment (8.0_111-b14) (build 1.8.0_111-b14)
# Java VM: Java HotSpot(TM) 64-Bit Server VM (25.111-b14 mixed mode windows-amd64 compressed oops)
Heap:
 PSYoungGen      total 2009600K, used 1942373K [0x0000000740500000, 0x00000007bfe80000, 0x00000007c0000000)
  eden space 1928704K, 100% used [0x0000000740500000,0x00000007b6080000,0x00000007b6080000)
  from space 80896K, 16% used [0x00000007baf80000,0x00000007bbcd97a0,0x00000007bfe80000)
  to   space 14848K, 0% used [0x00000007b6080000,0x00000007b6080000,0x00000007b6f00000)
 ParOldGen       total 950272K, used 941895K [0x0000000640e00000, 0x000000067ae00000, 0x0000000740500000)
  object space 950272K, 99% used [0x0000000640e00000,0x000000067a5d26d0,0x000000067ae00000)
 Metaspace       used 21904K, capacity 22791K, committed 23168K, reserved 1069056K
  class space    used 2953K, capacity 3069K, committed 3200K, reserved 1048576K
GC Heap History (10 events):
Event: 39.117 GC heap before
{Heap before GC invocations=114 (full 2):
 PSYoungGen      total 2003456K, used 1949307K [0x0000000740500000, 0x00000007c0000000, 0x00000007c0000000)
  eden space 1924608K, 100% used [0x0000000740500000,0x00000007b5c80000,0x00000007b5c80000)
  from space 78848K, 31% used [0x00000007b5c80000,0x00000007b749eef0,0x00000007ba980000)
  to   space 79872K, 0% used [0x00000007bb200000,0x00000007bb200000,0x00000007c0000000)
 ParOldGen       total 950272K, used 812542K [0x0000000640e00000, 0x000000067ae00000, 0x0000000740500000)
  object space 950272K, 85% used [0x0000000640e00000,0x000000067277fa20,0x000000067ae00000)
 Metaspace       used 21904K, capacity 22791K, committed 23168K, reserved 1069056K
  class space    used 2953K, capacity 3069K, committed 3200K, reserved 1048576K
Event: 39.126 GC heap after
Heap after GC invocations=114 (full 2):
 PSYoungGen      total 2010112K, used 15958K [0x0000000740500000, 0x00000007c0000000, 0x00000007c0000000)
  eden space 1930240K, 0% used [0x0000000740500000,0x0000000740500000,0x00000007b6200000)
  from space 79872K, 19% used [0x00000007bb200000,0x00000007bc195a30,0x00000007c0000000)
  to   space 80896K, 0% used [0x00000007b6200000,0x00000007b6200000,0x00000007bb100000)
 ParOldGen       total 950272K, used 823142K [0x0000000640e00000, 0x000000067ae00000, 0x0000000740500000)
  object space 950272K, 86% used [0x0000000640e00000,0x00000006731d9ad0,0x000000067ae00000)
 Metaspace       used 21904K, capacity 22791K, committed 23168K, reserved 1069056K
  class space    used 2953K, capacity 3069K, committed 3200K, reserved 1048576K
}
Event: 39.432 GC heap before
{Heap before GC invocations=115 (full 2):
 PSYoungGen      total 2010112K, used 1946198K [0x0000000740500000, 0x00000007c0000000, 0x00000007c0000000)
  eden space 1930240K, 100% used [0x0000000740500000,0x00000007b6200000,0x00000007b6200000)
  from space 79872K, 19% used [0x00000007bb200000,0x00000007bc195a30,0x00000007c0000000)
  to   space 80896K, 0% used [0x00000007b6200000,0x00000007b6200000,0x00000007bb100000)
 ParOldGen       total 950272K, used 823142K [0x0000000640e00000, 0x000000067ae00000, 0x0000000740500000)
  object space 950272K, 86% used [0x0000000640e00000,0x00000006731d9ad0,0x000000067ae00000)
 Metaspace       used 21904K, capacity 22791K, committed 23168K, reserved 1069056K
  class space    used 2953K, capacity 3069K, committed 3200K, reserved 1048576K
Event: 39.440 GC heap after
Heap after GC invocations=115 (full 2):
 PSYoungGen      total 1945600K, used 15164K [0x0000000740500000, 0x00000007c0000000, 0x00000007c0000000)
  eden space 1930240K, 0% used [0x0000000740500000,0x0000000740500000,0x00000007b6200000)
  from space 15360K, 98% used [0x00000007b6200000,0x00000007b70cf080,0x00000007b7100000)
  to   space 81920K, 0% used [0x00000007bb000000,0x00000007bb000000,0x00000007c0000000)
 ParOldGen       total 950272K, used 825465K [0x0000000640e00000, 0x000000067ae00000, 0x0000000740500000)
  object space 950272K, 86% used [0x0000000640e00000,0x000000067341e7d0,0x000000067ae00000)
 Metaspace       used 21904K, capacity 22791K, committed 23168K, reserved 1069056K
  class space    used 2953K, capacity 3069K, committed 3200K, reserved 1048576K
}
Event: 39.750 GC heap before
{Heap before GC invocations=116 (full 2):
 PSYoungGen      total 1945600K, used 1945404K [0x0000000740500000, 0x00000007c0000000, 0x00000007c0000000)
  eden space 1930240K, 100% used [0x0000000740500000,0x00000007b6200000,0x00000007b6200000)
  from space 15360K, 98% used [0x00000007b6200000,0x00000007b70cf080,0x00000007b7100000)
  to   space 81920K, 0% used [0x00000007bb000000,0x00000007bb000000,0x00000007c0000000)
 ParOldGen       total 950272K, used 825465K [0x0000000640e00000, 0x000000067ae00000, 0x0000000740500000)
  object space 950272K, 86% used [0x0000000640e00000,0x000000067341e7d0,0x000000067ae00000)
 Metaspace       used 21904K, capacity 22791K, committed 23168K, reserved 1069056K
  class space    used 2953K, capacity 3069K, committed 3200K, reserved 1048576K
Event: 39.757 GC heap after
Heap after GC invocations=116 (full 2):
 PSYoungGen      total 2010624K, used 15778K [0x0000000740500000, 0x00000007c0000000, 0x00000007c0000000)
  eden space 1928704K, 0% used [0x0000000740500000,0x0000000740500000,0x00000007b6080000)
  from space 81920K, 19% used [0x00000007bb000000,0x00000007bbf68b20,0x00000007c0000000)
  to   space 81408K, 0% used [0x00000007b6080000,0x00000007b6080000,0x00000007bb000000)
 ParOldGen       total 950272K, used 825762K [0x0000000640e00000, 0x000000067ae00000, 0x0000000740500000)
  object space 950272K, 86% used [0x0000000640e00000,0x0000000673468860,0x000000067ae00000)
 Metaspace       used 21904K, capacity 22791K, committed 23168K, reserved 1069056K
  class space    used 2953K, capacity 3069K, committed 3200K, reserved 1048576K
}
Event: 40.043 GC heap before
{Heap before GC invocations=117 (full 2):
 PSYoungGen      total 2010624K, used 1944482K [0x0000000740500000, 0x00000007c0000000, 0x00000007c0000000)
  eden space 1928704K, 100% used [0x0000000740500000,0x00000007b6080000,0x00000007b6080000)
  from space 81920K, 19% used [0x00000007bb000000,0x00000007bbf68b20,0x00000007c0000000)
  to   space 81408K, 0% used [0x00000007b6080000,0x00000007b6080000,0x00000007bb000000)
 ParOldGen       total 950272K, used 825762K [0x0000000640e00000, 0x000000067ae00000, 0x0000000740500000)
  object space 950272K, 86% used [0x0000000640e00000,0x0000000673468860,0x000000067ae00000)
 Metaspace       used 21904K, capacity 22791K, committed 23168K, reserved 1069056K
  class space    used 2953K, capacity 3069K, committed 3200K, reserved 1048576K
Event: 40.051 GC heap after
Heap after GC invocations=117 (full 2):
 PSYoungGen      total 1943552K, used 14681K [0x0000000740500000, 0x00000007bfe80000, 0x00000007c0000000)
  eden space 1928704K, 0% used [0x0000000740500000,0x0000000740500000,0x00000007b6080000)
  from space 14848K, 98% used [0x00000007b6080000,0x00000007b6ed6660,0x00000007b6f00000)
  to   space 80896K, 0% used [0x00000007baf80000,0x00000007baf80000,0x00000007bfe80000)
 ParOldGen       total 950272K, used 827427K [0x0000000640e00000, 0x000000067ae00000, 0x0000000740500000)
  object space 950272K, 87% used [0x0000000640e00000,0x0000000673608ed0,0x000000067ae00000)
 Metaspace       used 21904K, capacity 22791K, committed 23168K, reserved 1069056K
  class space    used 2953K, capacity 3069K, committed 3200K, reserved 1048576K
}
Event: 40.337 GC heap before
{Heap before GC invocations=118 (full 2):
 PSYoungGen      total 1943552K, used 1943385K [0x0000000740500000, 0x00000007bfe80000, 0x00000007c0000000)
  eden space 1928704K, 100% used [0x0000000740500000,0x00000007b6080000,0x00000007b6080000)
  from space 14848K, 98% used [0x00000007b6080000,0x00000007b6ed6660,0x00000007b6f00000)
  to   space 80896K, 0% used [0x00000007baf80000,0x00000007baf80000,0x00000007bfe80000)
 ParOldGen       total 950272K, used 827427K [0x0000000640e00000, 0x000000067ae00000, 0x0000000740500000)
  object space 950272K, 87% used [0x0000000640e00000,0x0000000673608ed0,0x000000067ae00000)
 Metaspace       used 21904K, capacity 22791K, committed 23168K, reserved 1069056K
  class space    used 2953K, capacity 3069K, committed 3200K, reserved 1048576K
Event: 42.344 GC heap after
Heap after GC invocations=118 (full 2):
 PSYoungGen      total 2009600K, used 13669K [0x0000000740500000, 0x00000007bfe80000, 0x00000007c0000000)
  eden space 1928704K, 0% used [0x0000000740500000,0x0000000740500000,0x00000007b6080000)
  from space 80896K, 16% used [0x00000007baf80000,0x00000007bbcd97a0,0x00000007bfe80000)
  to   space 14848K, 0% used [0x00000007b6080000,0x00000007b6080000,0x00000007b6f00000)
 ParOldGen       total 950272K, used 829003K [0x0000000640e00000, 0x000000067ae00000, 0x0000000740500000)
  object space 950272K, 87% used [0x0000000640e00000,0x0000000673792e00,0x000000067ae00000)
 Metaspace       used 21904K, capacity 22791K, committed 23168K, reserved 1069056K
  class space    used 2953K, capacity 3069K, committed 3200K, reserved 1048576K
}

