# JRE version: Java(TM) SE Runtime Environment (8.0_111-b14) (build 1.8.0_111-b14)
# Java VM: Java HotSpot(TM) 64-Bit Server VM (25.111-b14 mixed mode windows-amd64 compressed oops)
Heap:
 PSYoungGen      total 1988608K, used 939570K [0x0000000740500000, 0x00000007bfa80000, 0x00000007c0000000)
  eden space 1899008K, 46% used [0x0000000740500000,0x0000000775ca5fa8,0x00000007b4380000)
  from space 89600K, 70% used [0x00000007ba300000,0x00000007be0e6b88,0x00000007bfa80000)
  to   space 93696K, 0% used [0x00000007b4380000,0x00000007b4380000,0x00000007b9f00000)
 ParOldGen       total 711168K, used 548243K [0x0000000640e00000, 0x000000066c480000, 0x0000000740500000)
  object space 711168K, 77% used [0x0000000640e00000,0x0000000662564ec8,0x000000066c480000)
 Metaspace       used 21899K, capacity 22845K, committed 23040K, reserved 1069056K
  class space    used 2939K, capacity 3056K, committed 3072K, reserved 1048576K
GC Heap History (10 events):
Event: 106.240 GC heap before
{Heap before GC invocations=132 (full 2):
 PSYoungGen      total 1987072K, used 1944341K [0x0000000740500000, 0x00000007c0000000, 0x00000007c0000000)
  eden space 1882112K, 100% used [0x0000000740500000,0x00000007b3300000,0x00000007b3300000)
  from space 104960K, 59% used [0x00000007b3300000,0x00000007b6fc5678,0x00000007b9980000)
  to   space 101376K, 0% used [0x00000007b9d00000,0x00000007b9d00000,0x00000007c0000000)
 ParOldGen       total 711168K, used 543101K [0x0000000640e00000, 0x000000066c480000, 0x0000000740500000)
  object space 711168K, 76% used [0x0000000640e00000,0x000000066205f5b8,0x000000066c480000)
 Metaspace       used 21892K, capacity 22845K, committed 23040K, reserved 1069056K
  class space    used 2939K, capacity 3056K, committed 3072K, reserved 1048576K
Event: 106.261 GC heap after
Heap after GC invocations=132 (full 2):
 PSYoungGen      total 1976320K, used 61286K [0x0000000740500000, 0x00000007bf580000, 0x00000007c0000000)
  eden space 1885696K, 0% used [0x0000000740500000,0x0000000740500000,0x00000007b3680000)
  from space 90624K, 67% used [0x00000007b9d00000,0x00000007bd8d9bc8,0x00000007bf580000)
  to   space 97792K, 0% used [0x00000007b3680000,0x00000007b3680000,0x00000007b9600000)
 ParOldGen       total 711168K, used 543664K [0x0000000640e00000, 0x000000066c480000, 0x0000000740500000)
  object space 711168K, 76% used [0x0000000640e00000,0x00000006620ec298,0x000000066c480000)
 Metaspace       used 21892K, capacity 22845K, committed 23040K, reserved 1069056K
  class space    used 2939K, capacity 3056K, committed 3072K, reserved 1048576K
}
Event: 106.635 GC heap before
{Heap before GC invocations=133 (full 2):
 PSYoungGen      total 1976320K, used 1946982K [0x0000000740500000, 0x00000007bf580000, 0x00000007c0000000)
  eden space 1885696K, 100% used [0x0000000740500000,0x00000007b3680000,0x00000007b3680000)
  from space 90624K, 67% used [0x00000007b9d00000,0x00000007bd8d9bc8,0x00000007bf580000)
  to   space 97792K, 0% used [0x00000007b3680000,0x00000007b3680000,0x00000007b9600000)
 ParOldGen       total 711168K, used 543664K [0x0000000640e00000, 0x000000066c480000, 0x0000000740500000)
  object space 711168K, 76% used [0x0000000640e00000,0x00000006620ec298,0x000000066c480000)
 Metaspace       used 21892K, capacity 22845K, committed 23040K, reserved 1069056K
  class space    used 2939K, capacity 3056K, committed 3072K, reserved 1048576K
Event: 106.657 GC heap after
Heap after GC invocations=133 (full 2):
 PSYoungGen      total 1983488K, used 62399K [0x0000000740500000, 0x00000007c0000000, 0x00000007c0000000)
  eden space 1885696K, 0% used [0x0000000740500000,0x0000000740500000,0x00000007b3680000)
  from space 97792K, 63% used [0x00000007b3680000,0x00000007b736fd20,0x00000007b9600000)
  to   space 95232K, 0% used [0x00000007ba300000,0x00000007ba300000,0x00000007c0000000)
 ParOldGen       total 711168K, used 544437K [0x0000000640e00000, 0x000000066c480000, 0x0000000740500000)
  object space 711168K, 76% used [0x0000000640e00000,0x00000006621ad4a8,0x000000066c480000)
 Metaspace       used 21892K, capacity 22845K, committed 23040K, reserved 1069056K
  class space    used 2939K, capacity 3056K, committed 3072K, reserved 1048576K
}
Event: 107.103 GC heap before
{Heap before GC invocations=134 (full 2):
 PSYoungGen      total 1983488K, used 1948095K [0x0000000740500000, 0x00000007c0000000, 0x00000007c0000000)
  eden space 1885696K, 100% used [0x0000000740500000,0x00000007b3680000,0x00000007b3680000)
  from space 97792K, 63% used [0x00000007b3680000,0x00000007b736fd20,0x00000007b9600000)
  to   space 95232K, 0% used [0x00000007ba300000,0x00000007ba300000,0x00000007c0000000)
 ParOldGen       total 711168K, used 544437K [0x0000000640e00000, 0x000000066c480000, 0x0000000740500000)
  object space 711168K, 76% used [0x0000000640e00000,0x00000006621ad4a8,0x000000066c480000)
 Metaspace       used 21898K, capacity 22845K, committed 23040K, reserved 1069056K
  class space    used 2939K, capacity 3056K, committed 3072K, reserved 1048576K
Event: 107.124 GC heap after
Heap after GC invocations=134 (full 2):
 PSYoungGen      total 1988608K, used 66118K [0x0000000740500000, 0x00000007bfa80000, 0x00000007c0000000)
  eden space 1899008K, 0% used [0x0000000740500000,0x0000000740500000,0x00000007b4380000)
  from space 89600K, 73% used [0x00000007ba300000,0x00000007be391a10,0x00000007bfa80000)
  to   space 93696K, 0% used [0x00000007b4380000,0x00000007b4380000,0x00000007b9f00000)
 ParOldGen       total 711168K, used 544623K [0x0000000640e00000, 0x000000066c480000, 0x0000000740500000)
  object space 711168K, 76% used [0x0000000640e00000,0x00000006621dbd48,0x000000066c480000)
 Metaspace       used 21898K, capacity 22845K, committed 23040K, reserved 1069056K
  class space    used 2939K, capacity 3056K, committed 3072K, reserved 1048576K
}
Event: 107.437 GC heap before
{Heap before GC invocations=135 (full 2):
 PSYoungGen      total 1988608K, used 1965126K [0x0000000740500000, 0x00000007bfa80000, 0x00000007c0000000)
  eden space 1899008K, 100% used [0x0000000740500000,0x00000007b4380000,0x00000007b4380000)
  from space 89600K, 73% used [0x00000007ba300000,0x00000007be391a10,0x00000007bfa80000)
  to   space 93696K, 0% used [0x00000007b4380000,0x00000007b4380000,0x00000007b9f00000)
 ParOldGen       total 711168K, used 544623K [0x0000000640e00000, 0x000000066c480000, 0x0000000740500000)
  object space 711168K, 76% used [0x0000000640e00000,0x00000006621dbd48,0x000000066c480000)
 Metaspace       used 21898K, capacity 22845K, committed 23040K, reserved 1069056K
  class space    used 2939K, capacity 3056K, committed 3072K, reserved 1048576K
Event: 109.457 GC heap after
Heap after GC invocations=135 (full 2):
 PSYoungGen      total 1992704K, used 64870K [0x0000000740500000, 0x00000007bfa80000, 0x00000007c0000000)
  eden space 1899008K, 0% used [0x0000000740500000,0x0000000740500000,0x00000007b4380000)
  from space 93696K, 69% used [0x00000007b4380000,0x00000007b82d99a0,0x00000007b9f00000)
  to   space 89600K, 0% used [0x00000007ba300000,0x00000007ba300000,0x00000007bfa80000)
 ParOldGen       total 711168K, used 546781K [0x0000000640e00000, 0x000000066c480000, 0x0000000740500000)
  object space 711168K, 76% used [0x0000000640e00000,0x00000006623f75d8,0x000000066c480000)
 Metaspace       used 21898K, capacity 22845K, committed 23040K, reserved 1069056K
  class space    used 2939K, capacity 3056K, committed 3072K, reserved 1048576K
}
Event: 109.764 GC heap before
{Heap before GC invocations=136 (full 2):
 PSYoungGen      total 1992704K, used 1963878K [0x0000000740500000, 0x00000007bfa80000, 0x00000007c0000000)
  eden space 1899008K, 100% used [0x0000000740500000,0x00000007b4380000,0x00000007b4380000)
  from space 93696K, 69% used [0x00000007b4380000,0x00000007b82d99a0,0x00000007b9f00000)
  to   space 89600K, 0% used [0x00000007ba300000,0x00000007ba300000,0x00000007bfa80000)
 ParOldGen       total 711168K, used 546781K [0x0000000640e00000, 0x000000066c480000, 0x0000000740500000)
  object space 711168K, 76% used [0x0000000640e00000,0x00000006623f75d8,0x000000066c480000)
 Metaspace       used 21898K, capacity 22845K, committed 23040K, reserved 1069056K
  class space    used 2939K, capacity 3056K, committed 3072K, reserved 1048576K
Event: 111.782 GC heap after
Heap after GC invocations=136 (full 2):
 PSYoungGen      total 1988608K, used 63386K [0x0000000740500000, 0x00000007bfa80000, 0x00000007c0000000)
  eden space 1899008K, 0% used [0x0000000740500000,0x0000000740500000,0x00000007b4380000)
  from space 89600K, 70% used [0x00000007ba300000,0x00000007be0e6b88,0x00000007bfa80000)
  to   space 93696K, 0% used [0x00000007b4380000,0x00000007b4380000,0x00000007b9f00000)
 ParOldGen       total 711168K, used 548243K [0x0000000640e00000, 0x000000066c480000, 0x0000000740500000)
  object space 711168K, 77% used [0x0000000640e00000,0x0000000662564ec8,0x000000066c480000)
 Metaspace       used 21898K, capacity 22845K, committed 23040K, reserved 1069056K
  class space    used 2939K, capacity 3056K, committed 3072K, reserved 1048576K
}

